<?xml version="1.0" encoding="UTF-8"?>
<!-- Generated by org.testng.reporters.JUnitXMLReporter -->
<testsuite ignored="1" hostname="Sasikumar" failures="0" tests="1" name="Default test" time="2.369" errors="0" timestamp="2023-09-16T03:56:08 IST">
  <testcase classname="org.sasiguides.RestAssuredAPITesting.Demo" name="performDifferentOperations" time="2.323"/>
  <testcase classname="org.sasiguides.RestAssuredAPITesting.Demo" name="performPostFunction" time="0.0">
    <ignored/>
  </testcase> <!-- performPostFunction -->
</testsuite> <!-- Default test -->
