<?xml version="1.0" encoding="UTF-8"?>
<testng-results ignored="0" total="1" passed="1" failed="0" skipped="0">
  <reporter-output>
  </reporter-output>
  <suite started-at="2023-09-16T03:28:37 IST" name="Default suite" finished-at="2023-09-16T03:28:45 IST" duration-ms="7960">
    <groups>
    </groups>
    <test started-at="2023-09-16T03:28:37 IST" name="Default test" finished-at="2023-09-16T03:28:45 IST" duration-ms="7960">
      <class name="org.sasiguides.RestAssuredAPITesting.Demo">
        <test-method signature="performPostFunction()[pri:0, instance:org.sasiguides.RestAssuredAPITesting.Demo@479d31f3]" started-at="2023-09-16T03:28:37 IST" name="performPostFunction" finished-at="2023-09-16T03:28:45 IST" duration-ms="7874" status="PASS">
          <reporter-output>
          </reporter-output>
        </test-method> <!-- performPostFunction -->
      </class> <!-- org.sasiguides.RestAssuredAPITesting.Demo -->
    </test> <!-- Default test -->
  </suite> <!-- Default suite -->
</testng-results>
